<?xml version="1.0" encoding="UTF-8"?>
<!-- Generated by org.testng.reporters.JUnitReportReporter -->
<testsuite hostname="LAPTOP-T43AQUGL" failures="0" tests="1" name="com.dem.projecttest" time="2.678" errors="0" timestamp="2025-02-07T16:57:45 IST" skipped="0">
  <testcase classname="com.dem.projecttest" name="test" time="2.678"/>
</testsuite> <!-- com.dem.projecttest -->
